<?xml version="1.0" encoding="UTF-8"?>
<!-- Generated by org.testng.reporters.JUnitXMLReporter -->
<testsuite hostname="saswati-ltm.internal.salesforce.com" ignored="1" name="Command line test" tests="4" failures="1" timestamp="2022-03-19T09:40:05 IST" time="29.799" errors="0">
  <testcase name="test1" time="0.001" classname="tests.HomeTest"/>
  <testcase name="ExternalDataTest" time="6.775" classname="tests.LoginTest"/>
  <testcase name="LoginFailiureTest" time="9.929" classname="tests.LoginTest"/>
  <testcase name="ParameterizedTest" time="0.0" classname="tests.LoginTest">
    <failure type="org.testng.TestNGException" message="
Parameter &amp;apos;param1&amp;apos; is required by @Test on method ParameterizedTest but has not been marked @Optional or defined
">
      <![CDATA[org.testng.TestNGException: 
Parameter 'param1' is required by @Test on method ParameterizedTest but has not been marked @Optional or defined

at java.util.ArrayList.forEach(ArrayList.java:1259)
... Removed 36 stack frames]]>
    </failure>
  </testcase> <!-- ParameterizedTest -->
  <testcase name="LoginSuccessTest" time="0.0" classname="tests.LoginTest">
    <ignored/>
  </testcase> <!-- LoginSuccessTest -->
</testsuite> <!-- Command line test -->
